2018-10-05 14:54:24.704  INFO 5652 --- [restartedMain] c.C.C.CurriculumProjectApplication       : Starting CurriculumProjectApplication on BRVEXIAAMEN200 with PID 5652 (started by SF147292 in C:\Particular\Development Project\CurriculumProject)
2018-10-05 14:54:24.708  INFO 5652 --- [restartedMain] c.C.C.CurriculumProjectApplication       : No active profile set, falling back to default profiles: default
2018-10-05 14:54:24.806  INFO 5652 --- [restartedMain] ConfigServletWebServerApplicationContext : Refreshing org.springframework.boot.web.servlet.context.AnnotationConfigServletWebServerApplicationContext@914981: startup date [Fri Oct 05 14:54:24 BRT 2018]; root of context hierarchy
2018-10-05 14:54:27.135  INFO 5652 --- [restartedMain] trationDelegate$BeanPostProcessorChecker : Bean 'org.springframework.transaction.annotation.ProxyTransactionManagementConfiguration' of type [org.springframework.transaction.annotation.ProxyTransactionManagementConfiguration$$EnhancerBySpringCGLIB$$f87e83c3] is not eligible for getting processed by all BeanPostProcessors (for example: not eligible for auto-proxying)
2018-10-05 14:54:28.344  INFO 5652 --- [restartedMain] o.s.b.w.embedded.tomcat.TomcatWebServer  : Tomcat initialized with port(s): 8080 (http)
2018-10-05 14:54:28.415  INFO 5652 --- [restartedMain] o.apache.catalina.core.StandardService   : Starting service [Tomcat]
2018-10-05 14:54:28.417  INFO 5652 --- [restartedMain] org.apache.catalina.core.StandardEngine  : Starting Servlet Engine: Apache Tomcat/8.5.34
2018-10-05 14:54:28.432  INFO 5652 --- [localhost-startStop-1] o.a.catalina.core.AprLifecycleListener   : The APR based Apache Tomcat Native library which allows optimal performance in production environments was not found on the java.library.path: [C:\Program Files (x86)\Java\jdk1.8.0_181\jre\bin;C:\WINDOWS\Sun\Java\bin;C:\WINDOWS\system32;C:\WINDOWS;C:/Program Files/Java/jre1.8.0_181/bin/server;C:/Program Files/Java/jre1.8.0_181/bin;C:/Program Files/Java/jre1.8.0_181/lib/amd64;C:\Program Files (x86)\Common Files\Oracle\Java\javapath;C:\Program Files\Docker\Docker\Resources\bin;C:\ProgramData\Oracle\Java\javapath;C:\WINDOWS\system32;C:\WINDOWS;C:\WINDOWS\System32\Wbem;C:\WINDOWS\System32\WindowsPowerShell\v1.0\;C:\Windows\CCM;C:\Program Files\dotnet\;C:\Program Files\Microsoft SQL Server\130\Tools\Binn\;C:\Program Files (x86)\Java\jdk1.8.0_181\bin;C:\Program Files (x86)\Java\jdk1.8.0_181\bin;;C:\PostgreSQL\pg10\bin;C:\Users\sf147292\AppData\Local\Microsoft\WindowsApps;;C:\Users\sf147292\Downloads\sts-bundle\sts-3.9.5.RELEASE;;.]
2018-10-05 14:54:28.623  INFO 5652 --- [localhost-startStop-1] o.a.c.c.C.[Tomcat].[localhost].[/]       : Initializing Spring embedded WebApplicationContext
2018-10-05 14:54:28.623  INFO 5652 --- [localhost-startStop-1] o.s.web.context.ContextLoader            : Root WebApplicationContext: initialization completed in 3817 ms
2018-10-05 14:54:28.734  INFO 5652 --- [localhost-startStop-1] o.s.b.w.servlet.ServletRegistrationBean  : Servlet dispatcherServlet mapped to [/]
2018-10-05 14:54:28.747  INFO 5652 --- [localhost-startStop-1] o.s.b.w.servlet.FilterRegistrationBean   : Mapping filter: 'characterEncodingFilter' to: [/*]
2018-10-05 14:54:28.758  INFO 5652 --- [localhost-startStop-1] o.s.b.w.servlet.FilterRegistrationBean   : Mapping filter: 'hiddenHttpMethodFilter' to: [/*]
2018-10-05 14:54:28.759  INFO 5652 --- [localhost-startStop-1] o.s.b.w.servlet.FilterRegistrationBean   : Mapping filter: 'httpPutFormContentFilter' to: [/*]
2018-10-05 14:54:28.760  INFO 5652 --- [localhost-startStop-1] o.s.b.w.servlet.FilterRegistrationBean   : Mapping filter: 'requestContextFilter' to: [/*]
2018-10-05 14:54:28.762  INFO 5652 --- [localhost-startStop-1] o.s.b.w.servlet.FilterRegistrationBean   : Mapping filter: 'logFilter' to: [/*]
2018-10-05 14:54:28.806 DEBUG 5652 --- [localhost-startStop-1] o.s.w.f.CommonsRequestLoggingFilter      : Initializing filter 'logFilter'
2018-10-05 14:54:28.806 DEBUG 5652 --- [localhost-startStop-1] o.s.w.f.CommonsRequestLoggingFilter      : Filter 'logFilter' configured successfully
2018-10-05 14:54:29.027  INFO 5652 --- [restartedMain] com.zaxxer.hikari.HikariDataSource       : HikariPool-1 - Starting...
2018-10-05 14:54:29.248  INFO 5652 --- [restartedMain] com.zaxxer.hikari.HikariDataSource       : HikariPool-1 - Start completed.
2018-10-05 14:54:29.351  INFO 5652 --- [restartedMain] j.LocalContainerEntityManagerFactoryBean : Building JPA container EntityManagerFactory for persistence unit 'default'
2018-10-05 14:54:29.378  INFO 5652 --- [restartedMain] o.hibernate.jpa.internal.util.LogHelper  : HHH000204: Processing PersistenceUnitInfo [
	name: default
	...]
2018-10-05 14:54:29.534  INFO 5652 --- [restartedMain] org.hibernate.Version                    : HHH000412: Hibernate Core {5.2.17.Final}
2018-10-05 14:54:29.537  INFO 5652 --- [restartedMain] org.hibernate.cfg.Environment            : HHH000206: hibernate.properties not found
2018-10-05 14:54:29.612  INFO 5652 --- [restartedMain] o.hibernate.annotations.common.Version   : HCANN000001: Hibernate Commons Annotations {5.0.1.Final}
2018-10-05 14:54:29.917  INFO 5652 --- [restartedMain] org.hibernate.dialect.Dialect            : HHH000400: Using dialect: org.hibernate.dialect.PostgreSQL95Dialect
2018-10-05 14:54:30.164  INFO 5652 --- [restartedMain] o.h.e.j.e.i.LobCreatorBuilderImpl        : HHH000424: Disabling contextual LOB creation as createClob() method threw error : java.lang.reflect.InvocationTargetException

java.lang.reflect.InvocationTargetException: null
	at sun.reflect.NativeMethodAccessorImpl.invoke0(Native Method) ~[na:1.8.0_181]
	at sun.reflect.NativeMethodAccessorImpl.invoke(NativeMethodAccessorImpl.java:62) ~[na:1.8.0_181]
	at sun.reflect.DelegatingMethodAccessorImpl.invoke(DelegatingMethodAccessorImpl.java:43) ~[na:1.8.0_181]
	at java.lang.reflect.Method.invoke(Method.java:498) ~[na:1.8.0_181]
	at org.hibernate.engine.jdbc.env.internal.LobCreatorBuilderImpl.useContextualLobCreation(LobCreatorBuilderImpl.java:113) [hibernate-core-5.2.17.Final.jar:5.2.17.Final]
	at org.hibernate.engine.jdbc.env.internal.LobCreatorBuilderImpl.makeLobCreatorBuilder(LobCreatorBuilderImpl.java:54) [hibernate-core-5.2.17.Final.jar:5.2.17.Final]
	at org.hibernate.engine.jdbc.env.internal.JdbcEnvironmentImpl.<init>(JdbcEnvironmentImpl.java:271) [hibernate-core-5.2.17.Final.jar:5.2.17.Final]
	at org.hibernate.engine.jdbc.env.internal.JdbcEnvironmentInitiator.initiateService(JdbcEnvironmentInitiator.java:114) [hibernate-core-5.2.17.Final.jar:5.2.17.Final]
	at org.hibernate.engine.jdbc.env.internal.JdbcEnvironmentInitiator.initiateService(JdbcEnvironmentInitiator.java:35) [hibernate-core-5.2.17.Final.jar:5.2.17.Final]
	at org.hibernate.boot.registry.internal.StandardServiceRegistryImpl.initiateService(StandardServiceRegistryImpl.java:88) [hibernate-core-5.2.17.Final.jar:5.2.17.Final]
	at org.hibernate.service.internal.AbstractServiceRegistryImpl.createService(AbstractServiceRegistryImpl.java:259) [hibernate-core-5.2.17.Final.jar:5.2.17.Final]
	at org.hibernate.service.internal.AbstractServiceRegistryImpl.initializeService(AbstractServiceRegistryImpl.java:233) [hibernate-core-5.2.17.Final.jar:5.2.17.Final]
	at org.hibernate.service.internal.AbstractServiceRegistryImpl.getService(AbstractServiceRegistryImpl.java:210) [hibernate-core-5.2.17.Final.jar:5.2.17.Final]
	at org.hibernate.engine.jdbc.internal.JdbcServicesImpl.configure(JdbcServicesImpl.java:51) [hibernate-core-5.2.17.Final.jar:5.2.17.Final]
	at org.hibernate.boot.registry.internal.StandardServiceRegistryImpl.configureService(StandardServiceRegistryImpl.java:94) [hibernate-core-5.2.17.Final.jar:5.2.17.Final]
	at org.hibernate.service.internal.AbstractServiceRegistryImpl.initializeService(AbstractServiceRegistryImpl.java:242) [hibernate-core-5.2.17.Final.jar:5.2.17.Final]
	at org.hibernate.service.internal.AbstractServiceRegistryImpl.getService(AbstractServiceRegistryImpl.java:210) [hibernate-core-5.2.17.Final.jar:5.2.17.Final]
	at org.hibernate.boot.model.process.spi.MetadataBuildingProcess.handleTypes(MetadataBuildingProcess.java:352) [hibernate-core-5.2.17.Final.jar:5.2.17.Final]
	at org.hibernate.boot.model.process.spi.MetadataBuildingProcess.complete(MetadataBuildingProcess.java:111) [hibernate-core-5.2.17.Final.jar:5.2.17.Final]
	at org.hibernate.jpa.boot.internal.EntityManagerFactoryBuilderImpl.metadata(EntityManagerFactoryBuilderImpl.java:861) [hibernate-core-5.2.17.Final.jar:5.2.17.Final]
	at org.hibernate.jpa.boot.internal.EntityManagerFactoryBuilderImpl.build(EntityManagerFactoryBuilderImpl.java:888) [hibernate-core-5.2.17.Final.jar:5.2.17.Final]
	at org.springframework.orm.jpa.vendor.SpringHibernateJpaPersistenceProvider.createContainerEntityManagerFactory(SpringHibernateJpaPersistenceProvider.java:57) [spring-orm-5.0.9.RELEASE.jar:5.0.9.RELEASE]
	at org.springframework.orm.jpa.LocalContainerEntityManagerFactoryBean.createNativeEntityManagerFactory(LocalContainerEntityManagerFactoryBean.java:365) [spring-orm-5.0.9.RELEASE.jar:5.0.9.RELEASE]
	at org.springframework.orm.jpa.AbstractEntityManagerFactoryBean.buildNativeEntityManagerFactory(AbstractEntityManagerFactoryBean.java:390) [spring-orm-5.0.9.RELEASE.jar:5.0.9.RELEASE]
	at org.springframework.orm.jpa.AbstractEntityManagerFactoryBean.afterPropertiesSet(AbstractEntityManagerFactoryBean.java:377) [spring-orm-5.0.9.RELEASE.jar:5.0.9.RELEASE]
	at org.springframework.orm.jpa.LocalContainerEntityManagerFactoryBean.afterPropertiesSet(LocalContainerEntityManagerFactoryBean.java:341) [spring-orm-5.0.9.RELEASE.jar:5.0.9.RELEASE]
	at org.springframework.beans.factory.support.AbstractAutowireCapableBeanFactory.invokeInitMethods(AbstractAutowireCapableBeanFactory.java:1758) [spring-beans-5.0.9.RELEASE.jar:5.0.9.RELEASE]
	at org.springframework.beans.factory.support.AbstractAutowireCapableBeanFactory.initializeBean(AbstractAutowireCapableBeanFactory.java:1695) [spring-beans-5.0.9.RELEASE.jar:5.0.9.RELEASE]
	at org.springframework.beans.factory.support.AbstractAutowireCapableBeanFactory.doCreateBean(AbstractAutowireCapableBeanFactory.java:573) [spring-beans-5.0.9.RELEASE.jar:5.0.9.RELEASE]
	at org.springframework.beans.factory.support.AbstractAutowireCapableBeanFactory.createBean(AbstractAutowireCapableBeanFactory.java:495) [spring-beans-5.0.9.RELEASE.jar:5.0.9.RELEASE]
	at org.springframework.beans.factory.support.AbstractBeanFactory.lambda$doGetBean$0(AbstractBeanFactory.java:317) [spring-beans-5.0.9.RELEASE.jar:5.0.9.RELEASE]
	at org.springframework.beans.factory.support.DefaultSingletonBeanRegistry.getSingleton(DefaultSingletonBeanRegistry.java:222) ~[spring-beans-5.0.9.RELEASE.jar:5.0.9.RELEASE]
	at org.springframework.beans.factory.support.AbstractBeanFactory.doGetBean(AbstractBeanFactory.java:315) [spring-beans-5.0.9.RELEASE.jar:5.0.9.RELEASE]
	at org.springframework.beans.factory.support.AbstractBeanFactory.getBean(AbstractBeanFactory.java:199) [spring-beans-5.0.9.RELEASE.jar:5.0.9.RELEASE]
	at org.springframework.context.support.AbstractApplicationContext.getBean(AbstractApplicationContext.java:1089) ~[spring-context-5.0.9.RELEASE.jar:5.0.9.RELEASE]
	at org.springframework.context.support.AbstractApplicationContext.finishBeanFactoryInitialization(AbstractApplicationContext.java:859) ~[spring-context-5.0.9.RELEASE.jar:5.0.9.RELEASE]
	at org.springframework.context.support.AbstractApplicationContext.refresh(AbstractApplicationContext.java:550) ~[spring-context-5.0.9.RELEASE.jar:5.0.9.RELEASE]
	at org.springframework.boot.web.servlet.context.ServletWebServerApplicationContext.refresh(ServletWebServerApplicationContext.java:140) ~[spring-boot-2.0.5.RELEASE.jar:2.0.5.RELEASE]
	at org.springframework.boot.SpringApplication.refresh(SpringApplication.java:780) ~[spring-boot-2.0.5.RELEASE.jar:2.0.5.RELEASE]
	at org.springframework.boot.SpringApplication.refreshContext(SpringApplication.java:412) ~[spring-boot-2.0.5.RELEASE.jar:2.0.5.RELEASE]
	at org.springframework.boot.SpringApplication.run(SpringApplication.java:333) ~[spring-boot-2.0.5.RELEASE.jar:2.0.5.RELEASE]
	at org.springframework.boot.SpringApplication.run(SpringApplication.java:1277) ~[spring-boot-2.0.5.RELEASE.jar:2.0.5.RELEASE]
	at org.springframework.boot.SpringApplication.run(SpringApplication.java:1265) ~[spring-boot-2.0.5.RELEASE.jar:2.0.5.RELEASE]
	at com.CurriculumProject.CurriculumProject.CurriculumProjectApplication.main(CurriculumProjectApplication.java:12) ~[main/:na]
	at sun.reflect.NativeMethodAccessorImpl.invoke0(Native Method) ~[na:1.8.0_181]
	at sun.reflect.NativeMethodAccessorImpl.invoke(NativeMethodAccessorImpl.java:62) ~[na:1.8.0_181]
	at sun.reflect.DelegatingMethodAccessorImpl.invoke(DelegatingMethodAccessorImpl.java:43) ~[na:1.8.0_181]
	at java.lang.reflect.Method.invoke(Method.java:498) ~[na:1.8.0_181]
	at org.springframework.boot.devtools.restart.RestartLauncher.run(RestartLauncher.java:49) ~[spring-boot-devtools-2.0.5.RELEASE.jar:2.0.5.RELEASE]
Caused by: java.sql.SQLFeatureNotSupportedException: Método org.postgresql.jdbc.PgConnection.createClob() ainda não foi implementado.
	at org.postgresql.Driver.notImplemented(Driver.java:688) ~[postgresql-42.2.5.jar:42.2.5]
	at org.postgresql.jdbc.PgConnection.createClob(PgConnection.java:1269) ~[postgresql-42.2.5.jar:42.2.5]
	... 49 common frames omitted

2018-10-05 14:54:30.169  INFO 5652 --- [restartedMain] org.hibernate.type.BasicTypeRegistry     : HHH000270: Type registration [java.util.UUID] overrides previous : org.hibernate.type.UUIDBinaryType@96b8e8
2018-10-05 14:54:31.182  INFO 5652 --- [restartedMain] j.LocalContainerEntityManagerFactoryBean : Initialized JPA EntityManagerFactory for persistence unit 'default'
2018-10-05 14:54:32.011  INFO 5652 --- [restartedMain] o.s.w.s.handler.SimpleUrlHandlerMapping  : Mapped URL path [/**/favicon.ico] onto handler of type [class org.springframework.web.servlet.resource.ResourceHttpRequestHandler]
2018-10-05 14:54:32.388  INFO 5652 --- [restartedMain] s.w.s.m.m.a.RequestMappingHandlerAdapter : Looking for @ControllerAdvice: org.springframework.boot.web.servlet.context.AnnotationConfigServletWebServerApplicationContext@914981: startup date [Fri Oct 05 14:54:24 BRT 2018]; root of context hierarchy
2018-10-05 14:54:32.511  WARN 5652 --- [restartedMain] aWebConfiguration$JpaWebMvcConfiguration : spring.jpa.open-in-view is enabled by default. Therefore, database queries may be performed during view rendering. Explicitly configure spring.jpa.open-in-view to disable this warning
2018-10-05 14:54:32.620  INFO 5652 --- [restartedMain] s.w.s.m.m.a.RequestMappingHandlerMapping : Mapped "{[/education/delete/{EducationId}],methods=[DELETE]}" onto public org.springframework.http.ResponseEntity<?> com.CurriculumProject.CurriculumProject.Controllers.Controller_Education.delete(java.lang.Integer)
2018-10-05 14:54:32.624  INFO 5652 --- [restartedMain] s.w.s.m.m.a.RequestMappingHandlerMapping : Mapped "{[/education/create/{personalDataId}],methods=[POST]}" onto public com.CurriculumProject.CurriculumProject.Models.Model_Education com.CurriculumProject.CurriculumProject.Controllers.Controller_Education.create(java.lang.Integer,com.CurriculumProject.CurriculumProject.Models.Model_Education)
2018-10-05 14:54:32.632  INFO 5652 --- [restartedMain] s.w.s.m.m.a.RequestMappingHandlerMapping : Mapped "{[/education/list],methods=[GET]}" onto public java.util.List<com.CurriculumProject.CurriculumProject.Models.Model_Education> com.CurriculumProject.CurriculumProject.Controllers.Controller_Education.getAllEducation()
2018-10-05 14:54:32.634  INFO 5652 --- [restartedMain] s.w.s.m.m.a.RequestMappingHandlerMapping : Mapped "{[/education/getByPersonalDataId/{personalDataId}],methods=[GET]}" onto public java.util.List<com.CurriculumProject.CurriculumProject.Models.Model_Education> com.CurriculumProject.CurriculumProject.Controllers.Controller_Education.getAllEducationByUserId(java.lang.Integer)
2018-10-05 14:54:32.652  INFO 5652 --- [restartedMain] s.w.s.m.m.a.RequestMappingHandlerMapping : Mapped "{[/personaldata/update],methods=[PUT]}" onto public com.CurriculumProject.CurriculumProject.Models.Model_PersonalData com.CurriculumProject.CurriculumProject.Controllers.Controller_PersonalData.update(int,java.lang.String,java.lang.String)
2018-10-05 14:54:32.653  INFO 5652 --- [restartedMain] s.w.s.m.m.a.RequestMappingHandlerMapping : Mapped "{[/personaldata/delete],methods=[DELETE]}" onto public com.CurriculumProject.CurriculumProject.Models.Model_PersonalData com.CurriculumProject.CurriculumProject.Controllers.Controller_PersonalData.delete(com.CurriculumProject.CurriculumProject.Models.Model_PersonalData)
2018-10-05 14:54:32.656  INFO 5652 --- [restartedMain] s.w.s.m.m.a.RequestMappingHandlerMapping : Mapped "{[/personaldata/create],methods=[POST]}" onto public com.CurriculumProject.CurriculumProject.Models.Model_PersonalData com.CurriculumProject.CurriculumProject.Controllers.Controller_PersonalData.create(com.CurriculumProject.CurriculumProject.Models.Model_PersonalData)
2018-10-05 14:54:32.657  INFO 5652 --- [restartedMain] s.w.s.m.m.a.RequestMappingHandlerMapping : Mapped "{[/personaldata/list],methods=[GET]}" onto public java.lang.Iterable<com.CurriculumProject.CurriculumProject.Models.Model_PersonalData> com.CurriculumProject.CurriculumProject.Controllers.Controller_PersonalData.list()
2018-10-05 14:54:32.662  INFO 5652 --- [restartedMain] s.w.s.m.m.a.RequestMappingHandlerMapping : Mapped "{[/personaldata/getByName],methods=[POST]}" onto public java.lang.Iterable<com.CurriculumProject.CurriculumProject.Models.Model_PersonalData> com.CurriculumProject.CurriculumProject.Controllers.Controller_PersonalData.getByName(com.CurriculumProject.CurriculumProject.Models.Model_PersonalData)
2018-10-05 14:54:32.663  INFO 5652 --- [restartedMain] s.w.s.m.m.a.RequestMappingHandlerMapping : Mapped "{[/personaldata/listall],methods=[GET]}" onto public java.lang.Iterable<java.util.List<? extends com.CurriculumProject.CurriculumProject.Models.Model_Audit>> com.CurriculumProject.CurriculumProject.Controllers.Controller_PersonalData.getAll()
2018-10-05 14:54:32.664  INFO 5652 --- [restartedMain] s.w.s.m.m.a.RequestMappingHandlerMapping : Mapped "{[/personaldata/add],methods=[POST]}" onto public com.CurriculumProject.CurriculumProject.Models.Model_PersonalData com.CurriculumProject.CurriculumProject.Controllers.Controller_PersonalData.addNewUser(java.lang.String,java.lang.String)
2018-10-05 14:54:32.666  INFO 5652 --- [restartedMain] s.w.s.m.m.a.RequestMappingHandlerMapping : Mapped "{[/personaldata/getById],methods=[POST]}" onto public java.util.Optional<com.CurriculumProject.CurriculumProject.Models.Model_PersonalData> com.CurriculumProject.CurriculumProject.Controllers.Controller_PersonalData.getById(com.CurriculumProject.CurriculumProject.Models.Model_PersonalData)
2018-10-05 14:54:32.675  INFO 5652 --- [restartedMain] s.w.s.m.m.a.RequestMappingHandlerMapping : Mapped "{[/error]}" onto public org.springframework.http.ResponseEntity<java.util.Map<java.lang.String, java.lang.Object>> org.springframework.boot.autoconfigure.web.servlet.error.BasicErrorController.error(javax.servlet.http.HttpServletRequest)
2018-10-05 14:54:32.678  INFO 5652 --- [restartedMain] s.w.s.m.m.a.RequestMappingHandlerMapping : Mapped "{[/error],produces=[text/html]}" onto public org.springframework.web.servlet.ModelAndView org.springframework.boot.autoconfigure.web.servlet.error.BasicErrorController.errorHtml(javax.servlet.http.HttpServletRequest,javax.servlet.http.HttpServletResponse)
2018-10-05 14:54:32.727  INFO 5652 --- [restartedMain] o.s.w.s.handler.SimpleUrlHandlerMapping  : Mapped URL path [/webjars/**] onto handler of type [class org.springframework.web.servlet.resource.ResourceHttpRequestHandler]
2018-10-05 14:54:32.728  INFO 5652 --- [restartedMain] o.s.w.s.handler.SimpleUrlHandlerMapping  : Mapped URL path [/**] onto handler of type [class org.springframework.web.servlet.resource.ResourceHttpRequestHandler]
2018-10-05 14:54:33.130  INFO 5652 --- [restartedMain] o.s.b.d.a.OptionalLiveReloadServer       : LiveReload server is running on port 35729
2018-10-05 14:54:33.218  INFO 5652 --- [restartedMain] o.s.j.e.a.AnnotationMBeanExporter        : Registering beans for JMX exposure on startup
2018-10-05 14:54:33.220  INFO 5652 --- [restartedMain] o.s.j.e.a.AnnotationMBeanExporter        : Bean with name 'dataSource' has been autodetected for JMX exposure
2018-10-05 14:54:33.229  INFO 5652 --- [restartedMain] o.s.j.e.a.AnnotationMBeanExporter        : Located MBean 'dataSource': registering with JMX server as MBean [com.zaxxer.hikari:name=dataSource,type=HikariDataSource]
2018-10-05 14:54:33.265  INFO 5652 --- [restartedMain] o.s.b.w.embedded.tomcat.TomcatWebServer  : Tomcat started on port(s): 8080 (http) with context path ''
2018-10-05 14:54:33.269  INFO 5652 --- [restartedMain] c.C.C.CurriculumProjectApplication       : Started CurriculumProjectApplication in 9.235 seconds (JVM running for 10.284)
2018-10-05 14:54:44.338  INFO 5652 --- [http-nio-8080-exec-2] o.a.c.c.C.[Tomcat].[localhost].[/]       : Initializing Spring FrameworkServlet 'dispatcherServlet'
2018-10-05 14:54:44.340  INFO 5652 --- [http-nio-8080-exec-2] o.s.web.servlet.DispatcherServlet        : FrameworkServlet 'dispatcherServlet': initialization started
2018-10-05 14:54:44.367  INFO 5652 --- [http-nio-8080-exec-2] o.s.web.servlet.DispatcherServlet        : FrameworkServlet 'dispatcherServlet': initialization completed in 26 ms
2018-10-05 14:54:44.402 DEBUG 5652 --- [http-nio-8080-exec-2] o.s.w.f.CommonsRequestLoggingFilter      : Before request [uri=/personaldata/list]
2018-10-05 14:54:44.478  INFO 5652 --- [http-nio-8080-exec-2] o.h.h.i.QueryTranslatorFactoryInitiator  : HHH000397: Using ASTQueryTranslatorFactory
2018-10-05 14:54:44.834 DEBUG 5652 --- [http-nio-8080-exec-2] o.s.w.f.CommonsRequestLoggingFilter      : REQUEST DATA : uri=/personaldata/list]
